  3-9.cpp
C:\Users\kgm09\OneDrive\문서\GitHub\C_language_learning\Part_2\C Chapter 3 What is the pointer\3-9\3-9.cpp(14,9): warning C4477: 'printf' : 서식 문자열 '%x'에 'unsigned int' 형식의 인수가 필요하지만 variadic 인수 1의 형식이 'int *'입니다.
C:\Users\kgm09\OneDrive\문서\GitHub\C_language_learning\Part_2\C Chapter 3 What is the pointer\3-9\3-9.cpp(14,9): warning C4313: 'printf': 서식 문자열의 '%x'이(가) int *' 형식의 인수 1과(와) 충돌합니다.
C:\Users\kgm09\OneDrive\문서\GitHub\C_language_learning\Part_2\C Chapter 3 What is the pointer\3-9\3-9.cpp(14,9): warning C4477: 'printf' : 서식 문자열 '%x'에 'unsigned int' 형식의 인수가 필요하지만 variadic 인수 2의 형식이 'int *'입니다.
C:\Users\kgm09\OneDrive\문서\GitHub\C_language_learning\Part_2\C Chapter 3 What is the pointer\3-9\3-9.cpp(14,9): warning C4313: 'printf': 서식 문자열의 '%x'이(가) int *' 형식의 인수 2과(와) 충돌합니다.
C:\Users\kgm09\OneDrive\문서\GitHub\C_language_learning\Part_2\C Chapter 3 What is the pointer\3-9\3-9.cpp(14,9): warning C4477: 'printf' : 서식 문자열 '%x'에 'unsigned int' 형식의 인수가 필요하지만 variadic 인수 3의 형식이 'int *'입니다.
C:\Users\kgm09\OneDrive\문서\GitHub\C_language_learning\Part_2\C Chapter 3 What is the pointer\3-9\3-9.cpp(14,9): warning C4313: 'printf': 서식 문자열의 '%x'이(가) int *' 형식의 인수 3과(와) 충돌합니다.
C:\Users\kgm09\OneDrive\문서\GitHub\C_language_learning\Part_2\C Chapter 3 What is the pointer\3-9\3-9.cpp(14,9): warning C4477: 'printf' : 서식 문자열 '%x'에 'unsigned int' 형식의 인수가 필요하지만 variadic 인수 4의 형식이 'int *'입니다.
C:\Users\kgm09\OneDrive\문서\GitHub\C_language_learning\Part_2\C Chapter 3 What is the pointer\3-9\3-9.cpp(14,9): warning C4313: 'printf': 서식 문자열의 '%x'이(가) int *' 형식의 인수 4과(와) 충돌합니다.
C:\Users\kgm09\OneDrive\문서\GitHub\C_language_learning\Part_2\C Chapter 3 What is the pointer\3-9\3-9.cpp(15,9): warning C4477: 'printf' : 서식 문자열 '%x'에 'unsigned int' 형식의 인수가 필요하지만 variadic 인수 1의 형식이 'int **'입니다.
C:\Users\kgm09\OneDrive\문서\GitHub\C_language_learning\Part_2\C Chapter 3 What is the pointer\3-9\3-9.cpp(15,9): warning C4313: 'printf': 서식 문자열의 '%x'이(가) int **' 형식의 인수 1과(와) 충돌합니다.
C:\Users\kgm09\OneDrive\문서\GitHub\C_language_learning\Part_2\C Chapter 3 What is the pointer\3-9\3-9.cpp(15,9): warning C4477: 'printf' : 서식 문자열 '%x'에 'unsigned int' 형식의 인수가 필요하지만 variadic 인수 2의 형식이 'int **'입니다.
C:\Users\kgm09\OneDrive\문서\GitHub\C_language_learning\Part_2\C Chapter 3 What is the pointer\3-9\3-9.cpp(15,9): warning C4313: 'printf': 서식 문자열의 '%x'이(가) int **' 형식의 인수 2과(와) 충돌합니다.
C:\Users\kgm09\OneDrive\문서\GitHub\C_language_learning\Part_2\C Chapter 3 What is the pointer\3-9\3-9.cpp(15,9): warning C4477: 'printf' : 서식 문자열 '%x'에 'unsigned int' 형식의 인수가 필요하지만 variadic 인수 3의 형식이 'int **'입니다.
C:\Users\kgm09\OneDrive\문서\GitHub\C_language_learning\Part_2\C Chapter 3 What is the pointer\3-9\3-9.cpp(15,9): warning C4313: 'printf': 서식 문자열의 '%x'이(가) int **' 형식의 인수 3과(와) 충돌합니다.
C:\Users\kgm09\OneDrive\문서\GitHub\C_language_learning\Part_2\C Chapter 3 What is the pointer\3-9\3-9.cpp(16,9): warning C4477: 'printf' : 서식 문자열 '%x'에 'unsigned int' 형식의 인수가 필요하지만 variadic 인수 1의 형식이 'int ***'입니다.
C:\Users\kgm09\OneDrive\문서\GitHub\C_language_learning\Part_2\C Chapter 3 What is the pointer\3-9\3-9.cpp(16,9): warning C4313: 'printf': 서식 문자열의 '%x'이(가) int ***' 형식의 인수 1과(와) 충돌합니다.
C:\Users\kgm09\OneDrive\문서\GitHub\C_language_learning\Part_2\C Chapter 3 What is the pointer\3-9\3-9.cpp(16,9): warning C4477: 'printf' : 서식 문자열 '%x'에 'unsigned int' 형식의 인수가 필요하지만 variadic 인수 2의 형식이 'int ***'입니다.
C:\Users\kgm09\OneDrive\문서\GitHub\C_language_learning\Part_2\C Chapter 3 What is the pointer\3-9\3-9.cpp(16,9): warning C4313: 'printf': 서식 문자열의 '%x'이(가) int ***' 형식의 인수 2과(와) 충돌합니다.
C:\Users\kgm09\OneDrive\문서\GitHub\C_language_learning\Part_2\C Chapter 3 What is the pointer\3-9\3-9.cpp(18,9): warning C4477: 'printf' : 서식 문자열 '%d'에 'int' 형식의 인수가 필요하지만 variadic 인수 1의 형식이 'size_t'입니다.
C:\Users\kgm09\OneDrive\문서\GitHub\C_language_learning\Part_2\C Chapter 3 What is the pointer\3-9\3-9.cpp(18,9): message : 서식 문자열에서 '%zd'을(를) 사용하는 것이 좋습니다.
C:\Users\kgm09\OneDrive\문서\GitHub\C_language_learning\Part_2\C Chapter 3 What is the pointer\3-9\3-9.cpp(18,9): warning C4477: 'printf' : 서식 문자열 '%d'에 'int' 형식의 인수가 필요하지만 variadic 인수 2의 형식이 'size_t'입니다.
C:\Users\kgm09\OneDrive\문서\GitHub\C_language_learning\Part_2\C Chapter 3 What is the pointer\3-9\3-9.cpp(18,9): message : 서식 문자열에서 '%zd'을(를) 사용하는 것이 좋습니다.
C:\Users\kgm09\OneDrive\문서\GitHub\C_language_learning\Part_2\C Chapter 3 What is the pointer\3-9\3-9.cpp(19,9): warning C4477: 'printf' : 서식 문자열 '%d'에 'int' 형식의 인수가 필요하지만 variadic 인수 1의 형식이 'size_t'입니다.
C:\Users\kgm09\OneDrive\문서\GitHub\C_language_learning\Part_2\C Chapter 3 What is the pointer\3-9\3-9.cpp(19,9): message : 서식 문자열에서 '%zd'을(를) 사용하는 것이 좋습니다.
C:\Users\kgm09\OneDrive\문서\GitHub\C_language_learning\Part_2\C Chapter 3 What is the pointer\3-9\3-9.cpp(19,9): warning C4477: 'printf' : 서식 문자열 '%d'에 'int' 형식의 인수가 필요하지만 variadic 인수 2의 형식이 'size_t'입니다.
C:\Users\kgm09\OneDrive\문서\GitHub\C_language_learning\Part_2\C Chapter 3 What is the pointer\3-9\3-9.cpp(19,9): message : 서식 문자열에서 '%zd'을(를) 사용하는 것이 좋습니다.
C:\Users\kgm09\OneDrive\문서\GitHub\C_language_learning\Part_2\C Chapter 3 What is the pointer\3-9\3-9.cpp(21,9): warning C4477: 'printf' : 서식 문자열 '%d'에 'int' 형식의 인수가 필요하지만 variadic 인수 1의 형식이 'size_t'입니다.
C:\Users\kgm09\OneDrive\문서\GitHub\C_language_learning\Part_2\C Chapter 3 What is the pointer\3-9\3-9.cpp(21,9): message : 서식 문자열에서 '%zd'을(를) 사용하는 것이 좋습니다.
C:\Users\kgm09\OneDrive\문서\GitHub\C_language_learning\Part_2\C Chapter 3 What is the pointer\3-9\3-9.cpp(21,9): warning C4477: 'printf' : 서식 문자열 '%d'에 'int' 형식의 인수가 필요하지만 variadic 인수 2의 형식이 'size_t'입니다.
C:\Users\kgm09\OneDrive\문서\GitHub\C_language_learning\Part_2\C Chapter 3 What is the pointer\3-9\3-9.cpp(21,9): message : 서식 문자열에서 '%zd'을(를) 사용하는 것이 좋습니다.
C:\Users\kgm09\OneDrive\문서\GitHub\C_language_learning\Part_2\C Chapter 3 What is the pointer\3-9\3-9.cpp(22,9): warning C4477: 'printf' : 서식 문자열 '%d'에 'int' 형식의 인수가 필요하지만 variadic 인수 1의 형식이 'size_t'입니다.
C:\Users\kgm09\OneDrive\문서\GitHub\C_language_learning\Part_2\C Chapter 3 What is the pointer\3-9\3-9.cpp(22,9): message : 서식 문자열에서 '%zd'을(를) 사용하는 것이 좋습니다.
C:\Users\kgm09\OneDrive\문서\GitHub\C_language_learning\Part_2\C Chapter 3 What is the pointer\3-9\3-9.cpp(22,9): warning C4477: 'printf' : 서식 문자열 '%d'에 'int' 형식의 인수가 필요하지만 variadic 인수 2의 형식이 'size_t'입니다.
C:\Users\kgm09\OneDrive\문서\GitHub\C_language_learning\Part_2\C Chapter 3 What is the pointer\3-9\3-9.cpp(22,9): message : 서식 문자열에서 '%zd'을(를) 사용하는 것이 좋습니다.
  3-9.vcxproj -> C:\Users\kgm09\OneDrive\문서\GitHub\C_language_learning\Part_2\C Chapter 3 What is the pointer\x64\Debug\3-9.exe
